#
# There is insufficient memory for the Java Runtime Environment to continue.
# Native memory allocation (malloc) failed to allocate 1025296 bytes for Chunk::new
# Possible reasons:
#   The system is out of physical RAM or swap space
#   The process is running with CompressedOops enabled, and the Java Heap may be blocking the growth of the native heap
# Possible solutions:
#   Reduce memory load on the system
#   Increase physical memory or swap space
#   Check if swap backing store is full
#   Decrease Java heap size (-Xmx/-Xms)
#   Decrease number of Java threads
#   Decrease Java thread stack sizes (-Xss)
#   Set larger code cache with -XX:ReservedCodeCacheSize=
#   JVM is running with Unscaled Compressed Oops mode in which the Java heap is
#     placed in the first 4GB address space. The Java Heap base address is the
#     maximum limit for the native heap growth. Please use -XX:HeapBaseMinAddress
#     to set the Java Heap base and to place the Java Heap above 4GB virtual address.
# This output file may be truncated or incomplete.
#
#  Out of Memory Error (allocation.cpp:389), pid=10148, tid=0x0000000000002d5c
#
# JRE version: OpenJDK Runtime Environment (8.0_212-b04) (build 1.8.0_212-release-1586-b04)
# Java VM: OpenJDK 64-Bit Server VM (25.212-b04 mixed mode windows-amd64 compressed oops)
# Failed to write core dump. Minidumps are not enabled by default on client versions of Windows
#

---------------  T H R E A D  ---------------

Current thread (0x0000000017e40800):  JavaThread "C2 CompilerThread0" daemon [_thread_in_native, id=11612, stack(0x00000000194a0000,0x00000000195a0000)]

Stack: [0x00000000194a0000,0x00000000195a0000]
[error occurred during error reporting (printing stack bounds), id 0xc0000005]

Native frames: (J=compiled Java code, j=interpreted, Vv=VM code, C=native code)


Current CompileTask:
C2: 274423 11966 %     4       com.sun.tools.javac.file.ZipFileIndex$ZipDirectory::readEntry @ 102 (587 bytes)


---------------  P R O C E S S  ---------------

Java Threads: ( => current thread )
  0x0000000022552800 JavaThread "Cache worker for Java compile cache (D:\Tugas Kuliah\KELAS II\Breakoutgame\.gradle\5.6.4\javaCompile)" [_thread_blocked, id=11940, stack(0x000000002c3f0000,0x000000002c4f0000)]
  0x0000000022550000 JavaThread "Cache worker for Java compile cache (C:\Users\Amos Taruna\.gradle\caches\5.6.4\javaCompile)" [_thread_blocked, id=12788, stack(0x000000002a920000,0x000000002aa20000)]
  0x000000002254e800 JavaThread "WorkerExecutor Queue Thread 13" [_thread_blocked, id=12044, stack(0x000000002c1f0000,0x000000002c2f0000)]
  0x000000002254c000 JavaThread "WorkerExecutor Queue Thread 12" [_thread_blocked, id=1516, stack(0x000000002c0f0000,0x000000002c1f0000)]
  0x000000002254b800 JavaThread "WorkerExecutor Queue Thread 11" [_thread_blocked, id=10048, stack(0x000000002bff0000,0x000000002c0f0000)]
  0x000000002254f000 JavaThread "WorkerExecutor Queue Thread 10" [_thread_blocked, id=6916, stack(0x000000002bef0000,0x000000002bff0000)]
  0x0000000022550800 JavaThread "stdout" [_thread_in_native, id=3580, stack(0x000000002bb20000,0x000000002bc20000)]
  0x0000000022544000 JavaThread "stderr" [_thread_in_native, id=11632, stack(0x000000002ba20000,0x000000002bb20000)]
  0x000000002254a800 JavaThread "stdout" [_thread_in_native, id=15996, stack(0x000000002b920000,0x000000002ba20000)]
  0x0000000022543000 JavaThread "stderr" [_thread_in_native, id=5504, stack(0x000000002b820000,0x000000002b920000)]
  0x0000000022547000 JavaThread "stdout" [_thread_in_native, id=16372, stack(0x000000002b720000,0x000000002b820000)]
  0x0000000022549000 JavaThread "stderr" [_thread_in_native, id=4572, stack(0x000000002b620000,0x000000002b720000)]
  0x000000002254a000 JavaThread "stdout" [_thread_in_native, id=7276, stack(0x000000002b520000,0x000000002b620000)]
  0x0000000022546000 JavaThread "stderr" [_thread_in_native, id=4424, stack(0x000000002b420000,0x000000002b520000)]
  0x0000000022548800 JavaThread "stdout" [_thread_in_native, id=1756, stack(0x000000002b320000,0x000000002b420000)]
  0x0000000022547800 JavaThread "stderr" [_thread_in_native, id=10392, stack(0x000000002b220000,0x000000002b320000)]
  0x0000000022545800 JavaThread "stdout" [_thread_in_native, id=15660, stack(0x000000002b120000,0x000000002b220000)]
  0x0000000022544800 JavaThread "stderr" [_thread_in_native, id=4728, stack(0x000000002b020000,0x000000002b120000)]
  0x00000000224a6000 JavaThread "stdout" [_thread_in_native, id=4160, stack(0x000000002af20000,0x000000002b020000)]
  0x00000000224ad000 JavaThread "stderr" [_thread_in_native, id=16660, stack(0x000000002ae20000,0x000000002af20000)]
  0x00000000224aa000 JavaThread "stdout" [_thread_in_native, id=14288, stack(0x000000002ad20000,0x000000002ae20000)]
  0x00000000224a8800 JavaThread "stderr" [_thread_in_native, id=10292, stack(0x000000002ac20000,0x000000002ad20000)]
  0x00000000224a7800 JavaThread "pool-10-thread-1" [_thread_blocked, id=12360, stack(0x000000002ab20000,0x000000002ac20000)]
  0x00000000224ac000 JavaThread "WorkerExecutor Queue Thread 9" [_thread_blocked, id=3928, stack(0x000000002aa20000,0x000000002ab20000)]
  0x00000000224a9000 JavaThread "WorkerExecutor Queue Thread 7" [_thread_blocked, id=8704, stack(0x000000002a820000,0x000000002a920000)]
  0x00000000224aa800 JavaThread "WorkerExecutor Queue Thread 6" [_thread_blocked, id=3532, stack(0x000000002a720000,0x000000002a820000)]
  0x000000002249e800 JavaThread "WorkerExecutor Queue Thread 5" [_thread_blocked, id=5968, stack(0x000000002a620000,0x000000002a720000)]
  0x00000000224a5000 JavaThread "WorkerExecutor Queue Thread 4" [_thread_blocked, id=14500, stack(0x000000002a520000,0x000000002a620000)]
  0x00000000224a4800 JavaThread "WorkerExecutor Queue Thread 3" [_thread_blocked, id=2664, stack(0x000000002a420000,0x000000002a520000)]
  0x00000000224a2000 JavaThread "WorkerExecutor Queue Thread 2" [_thread_blocked, id=15696, stack(0x000000002a320000,0x000000002a420000)]
  0x00000000224a3800 JavaThread "WorkerExecutor Queue" [_thread_blocked, id=14316, stack(0x000000002a020000,0x000000002a120000)]
  0x00000000224a3000 JavaThread "Cache worker for execution history cache (D:\Tugas Kuliah\KELAS II\Breakoutgame\.gradle\5.6.4\executionHistory)" [_thread_blocked, id=1316, stack(0x0000000029d20000,0x0000000029e20000)]
  0x00000000224a1800 JavaThread "Execution worker for ':' Thread 11" [_thread_blocked, id=8188, stack(0x0000000029c20000,0x0000000029d20000)]
  0x000000002249f000 JavaThread "Execution worker for ':' Thread 10" [_thread_blocked, id=12684, stack(0x0000000029b20000,0x0000000029c20000)]
  0x000000001aed0800 JavaThread "Execution worker for ':' Thread 9" [_thread_blocked, id=12760, stack(0x0000000029a20000,0x0000000029b20000)]
  0x000000001aecf800 JavaThread "Execution worker for ':' Thread 8" [_thread_blocked, id=10600, stack(0x0000000029920000,0x0000000029a20000)]
  0x000000001aece000 JavaThread "Execution worker for ':' Thread 7" [_thread_blocked, id=17368, stack(0x00000000287b0000,0x00000000288b0000)]
  0x000000001bfe5800 JavaThread "Execution worker for ':' Thread 6" [_thread_blocked, id=3516, stack(0x00000000286b0000,0x00000000287b0000)]
  0x000000001bfe3000 JavaThread "Execution worker for ':' Thread 5" [_thread_blocked, id=7544, stack(0x0000000027560000,0x0000000027660000)]
  0x000000001bfdb000 JavaThread "Execution worker for ':' Thread 4" [_thread_blocked, id=14068, stack(0x0000000027460000,0x0000000027560000)]
  0x000000001bfda000 JavaThread "Execution worker for ':' Thread 3" [_thread_in_Java, id=11556, stack(0x0000000027360000,0x0000000027460000)]
  0x000000001bfe1000 JavaThread "Execution worker for ':' Thread 2" [_thread_blocked, id=5320, stack(0x0000000027260000,0x0000000027360000)]
  0x000000001bfe0000 JavaThread "Execution worker for ':'" [_thread_blocked, id=7208, stack(0x0000000027160000,0x0000000027260000)]
  0x000000001bfdf800 JavaThread "Cache worker for file content cache (D:\Tugas Kuliah\KELAS II\Breakoutgame\.gradle\5.6.4\fileContent)" [_thread_blocked, id=2808, stack(0x0000000027060000,0x0000000027160000)]
  0x000000001bfde800 JavaThread "Cache worker for file content cache (C:\Users\Amos Taruna\.gradle\caches\5.6.4\fileContent)" [_thread_blocked, id=7040, stack(0x0000000025e70000,0x0000000025f70000)]
  0x000000001bfd9800 JavaThread "Cache worker for Build Output Cleanup Cache (D:\Tugas Kuliah\KELAS II\Breakoutgame\.gradle\buildOutputCleanup)" [_thread_blocked, id=9660, stack(0x0000000025d70000,0x0000000025e70000)]
  0x000000001bfde000 JavaThread "Build operations Thread 12" [_thread_blocked, id=12732, stack(0x0000000024f70000,0x0000000025070000)]
  0x000000001bfd8800 JavaThread "Build operations Thread 11" [_thread_blocked, id=14936, stack(0x0000000024e70000,0x0000000024f70000)]
  0x000000001bfd8000 JavaThread "Build operations Thread 10" [_thread_blocked, id=8656, stack(0x0000000024d70000,0x0000000024e70000)]
  0x000000001bfdc800 JavaThread "Build operations Thread 9" [_thread_blocked, id=11948, stack(0x0000000024c70000,0x0000000024d70000)]
  0x000000001bfdd000 JavaThread "Build operations Thread 8" [_thread_blocked, id=12068, stack(0x0000000024b70000,0x0000000024c70000)]
  0x0000000021eba800 JavaThread "Build operations Thread 7" [_thread_blocked, id=4000, stack(0x0000000024a70000,0x0000000024b70000)]
  0x0000000021ec0800 JavaThread "Build operations Thread 6" [_thread_blocked, id=9248, stack(0x0000000024970000,0x0000000024a70000)]
  0x0000000021ebd800 JavaThread "Build operations Thread 5" [_thread_blocked, id=8844, stack(0x0000000024870000,0x0000000024970000)]
  0x0000000021ebc800 JavaThread "Build operations Thread 4" [_thread_blocked, id=8908, stack(0x00000000234f0000,0x00000000235f0000)]
  0x0000000021ebc000 JavaThread "Build operations Thread 3" [_thread_blocked, id=13008, stack(0x00000000233f0000,0x00000000234f0000)]
  0x0000000021eb9800 JavaThread "Build operations Thread 2" [_thread_blocked, id=17124, stack(0x00000000232f0000,0x00000000233f0000)]
  0x0000000021ebf800 JavaThread "Build operations" [_thread_blocked, id=8976, stack(0x00000000231f0000,0x00000000232f0000)]
  0x0000000021ebf000 JavaThread "Cache worker for cache directory md-rule (C:\Users\Amos Taruna\.gradle\caches\5.6.4\md-rule)" [_thread_blocked, id=14760, stack(0x0000000020160000,0x0000000020260000)]
  0x0000000021ebe000 JavaThread "Cache worker for cache directory md-supplier (C:\Users\Amos Taruna\.gradle\caches\5.6.4\md-supplier)" [_thread_blocked, id=852, stack(0x0000000020060000,0x0000000020160000)]
  0x0000000021eb4800 JavaThread "Cache worker for file hash cache (D:\Tugas Kuliah\KELAS II\Breakoutgame\.gradle\5.6.4\fileHashes)" [_thread_blocked, id=16752, stack(0x000000001ff60000,0x0000000020060000)]
  0x0000000021eb9000 JavaThread "Thread-36" [_thread_blocked, id=13568, stack(0x000000001fe60000,0x000000001ff60000)]
  0x0000000021eb1800 JavaThread "Stdin handler" [_thread_blocked, id=7152, stack(0x000000001d4c0000,0x000000001d5c0000)]
  0x0000000021eb6000 JavaThread "Asynchronous log dispatcher for DefaultDaemonConnection: socket connection from /127.0.0.1:50358 to /127.0.0.1:50397" [_thread_blocked, id=2844, stack(0x000000001d1c0000,0x000000001d2c0000)]
  0x0000000021eb2000 JavaThread "Daemon worker Thread 2" [_thread_blocked, id=7088, stack(0x000000001cfc0000,0x000000001d0c0000)]
  0x0000000021eb3000 JavaThread "Cancel handler" [_thread_blocked, id=11284, stack(0x000000001ccc0000,0x000000001cdc0000)]
  0x0000000021eb7800 JavaThread "Handler for socket connection from /127.0.0.1:50358 to /127.0.0.1:50397" [_thread_in_native, id=13500, stack(0x000000001cbc0000,0x000000001ccc0000)]
  0x0000000021eb5000 JavaThread "Daemon Thread 2" [_thread_blocked, id=8108, stack(0x0000000000ac0000,0x0000000000bc0000)]
  0x000000001bfe6000 JavaThread "Memory manager" [_thread_blocked, id=2272, stack(0x0000000025c70000,0x0000000025d70000)]
  0x000000001aed1000 JavaThread "Cache worker for execution history cache (C:\Users\Amos Taruna\.gradle\caches\5.6.4\executionHistory)" [_thread_blocked, id=13340, stack(0x0000000021920000,0x0000000021a20000)]
  0x000000001aecf000 JavaThread "Cache worker for journal cache (C:\Users\Amos Taruna\.gradle\caches\journal-1)" [_thread_blocked, id=10656, stack(0x000000001d9c0000,0x000000001dac0000)]
  0x000000001aecc800 JavaThread "File lock request listener" [_thread_in_native, id=14228, stack(0x000000001d8c0000,0x000000001d9c0000)]
  0x0000000019d27800 JavaThread "Cache worker for file hash cache (C:\Users\Amos Taruna\.gradle\caches\5.6.4\fileHashes)" [_thread_blocked, id=2812, stack(0x000000001d7c0000,0x000000001d8c0000)]
  0x000000001b023800 JavaThread "Daemon periodic checks" [_thread_blocked, id=7540, stack(0x000000001cac0000,0x000000001cbc0000)]
  0x000000001b02c800 JavaThread "Incoming local TCP Connector on port 50358" [_thread_in_native, id=12064, stack(0x000000001c880000,0x000000001c980000)]
  0x000000001af85800 JavaThread "Daemon health stats" [_thread_blocked, id=13764, stack(0x000000001c240000,0x000000001c340000)]
  0x0000000017ed4800 JavaThread "Service Thread" daemon [_thread_blocked, id=9160, stack(0x00000000198a0000,0x00000000199a0000)]
  0x0000000017e51000 JavaThread "C1 CompilerThread3" daemon [_thread_in_native, id=13540, stack(0x00000000197a0000,0x00000000198a0000)]
  0x0000000017e4f000 JavaThread "C2 CompilerThread2" daemon [_thread_blocked, id=5232, stack(0x00000000196a0000,0x00000000197a0000)]
  0x0000000017e46800 JavaThread "C2 CompilerThread1" daemon [_thread_blocked, id=16236, stack(0x00000000195a0000,0x00000000196a0000)]
=>0x0000000017e40800 JavaThread "C2 CompilerThread0" daemon [_thread_in_native, id=11612, stack(0x00000000194a0000,0x00000000195a0000)]
  0x0000000017e3b800 JavaThread "Attach Listener" daemon [_thread_blocked, id=12624, stack(0x00000000193a0000,0x00000000194a0000)]
  0x0000000017e3a800 JavaThread "Signal Dispatcher" daemon [_thread_blocked, id=9928, stack(0x00000000192a0000,0x00000000193a0000)]
  0x0000000016712000 JavaThread "Finalizer" daemon [_thread_blocked, id=5132, stack(0x00000000190a0000,0x00000000191a0000)]
  0x0000000017e33000 JavaThread "Reference Handler" daemon [_thread_blocked, id=5632, stack(0x0000000018fa0000,0x00000000190a0000)]
  0x0000000002652800 JavaThread "main" [_thread_blocked, id=7296, stack(0x0000000002550000,0x0000000002650000)]

Other Threads:
  0x0000000016705800 VMThread [stack: 0x0000000018ea0000,0x0000000018fa0000] [id=17268]
  0x0000000017e85800 WatcherThread [stack: 0x00000000199a0000,0x0000000019aa0000] [id=1456]

VM state:not at safepoint (normal execution)

VM Mutex/Monitor currently owned by a thread: None

heap address: 0x00000000a0000000, size: 1536 MB, Compressed Oops mode: 32-bit
Narrow klass base: 0x0000000000000000, Narrow klass shift: 3
Compressed class space size: 1073741824 Address: 0x0000000100000000

Heap:
 PSYoungGen      total 249856K, used 73338K [0x00000000e0000000, 0x00000000f1000000, 0x0000000100000000)
  eden space 222208K, 26% used [0x00000000e0000000,0x00000000e3a07a18,0x00000000ed900000)
  from space 27648K, 50% used [0x00000000ef500000,0x00000000f0296df8,0x00000000f1000000)
  to   space 28160K, 0% used [0x00000000ed900000,0x00000000ed900000,0x00000000ef480000)
 ParOldGen       total 136192K, used 58481K [0x00000000a0000000, 0x00000000a8500000, 0x00000000e0000000)
  object space 136192K, 42% used [0x00000000a0000000,0x00000000a391c440,0x00000000a8500000)
 Metaspace       used 84976K, capacity 89450K, committed 89472K, reserved 1126400K
  class space    used 11246K, capacity 12151K, committed 12160K, reserved 1048576K

Card table byte_map: [0x0000000011b10000,0x0000000011e20000] byte_map_base: 0x0000000011610000

Marking Bits: (ParMarkBitMap*) 0x0000000070f49f30
 Begin Bits: [0x0000000012a20000, 0x0000000014220000)
 End Bits:   [0x0000000014220000, 0x0000000015a20000)

Polling page: 0x00000000006f0000

CodeCache: size=245760Kb used=34653Kb max_used=34653Kb free=211106Kb
 bounds [0x0000000002750000, 0x0000000004950000, 0x0000000011750000]
 total_blobs=11384 nmethods=10515 adapters=781
 compilation: enabled

Compilation events (10 events):
Event: 274.409 Thread 0x0000000017e46800 12188       4       com.sun.tools.javac.code.Type::hasTag (14 bytes)
Event: 274.410 Thread 0x0000000017e46800 nmethod 12188 0x00000000048deb90 code [0x00000000048decc0, 0x00000000048ded58]
Event: 274.412 Thread 0x0000000017e51000 12189       3       com.sun.tools.javac.comp.Infer$InferenceContext::free (9 bytes)
Event: 274.413 Thread 0x0000000017e51000 nmethod 12189 0x0000000004940850 code [0x00000000049409c0, 0x0000000004940be8]
Event: 274.413 Thread 0x0000000017e51000 12190       3       com.sun.tools.javac.comp.Check::checkType (188 bytes)
Event: 274.419 Thread 0x0000000017e51000 nmethod 12190 0x0000000004948210 code [0x0000000004948600, 0x000000000494aab8]
Event: 274.419 Thread 0x0000000017e51000 12192       3       com.sun.tools.javac.util.List::length (24 bytes)
Event: 274.420 Thread 0x0000000017e4f000 nmethod 12141 0x000000000494bd50 code [0x000000000494c0c0, 0x000000000494cf18]
Event: 274.420 Thread 0x0000000017e51000 nmethod 12192 0x00000000049403d0 code [0x0000000004940540, 0x0000000004940750]
Event: 274.420 Thread 0x0000000017e51000 12196       3       com.sun.tools.javac.code.Type::containsAny (39 bytes)

GC Heap History (10 events):
Event: 16.039 GC heap before
{Heap before GC invocations=15 (full 3):
 PSYoungGen      total 191488K, used 10414K [0x00000000e0000000, 0x00000000edb00000, 0x0000000100000000)
  eden space 172032K, 0% used [0x00000000e0000000,0x00000000e0000000,0x00000000ea800000)
  from space 19456K, 53% used [0x00000000eba80000,0x00000000ec4abba8,0x00000000ecd80000)
  to   space 18944K, 0% used [0x00000000ea800000,0x00000000ea800000,0x00000000eba80000)
 ParOldGen       total 91648K, used 35419K [0x00000000a0000000, 0x00000000a5980000, 0x00000000e0000000)
  object space 91648K, 38% used [0x00000000a0000000,0x00000000a2296ec0,0x00000000a5980000)
 Metaspace       used 57181K, capacity 59128K, committed 59160K, reserved 1099776K
  class space    used 7710K, capacity 8161K, committed 8192K, reserved 1048576K
Event: 16.422 GC heap after
Heap after GC invocations=15 (full 3):
 PSYoungGen      total 191488K, used 0K [0x00000000e0000000, 0x00000000edb00000, 0x0000000100000000)
  eden space 172032K, 0% used [0x00000000e0000000,0x00000000e0000000,0x00000000ea800000)
  from space 19456K, 0% used [0x00000000eba80000,0x00000000eba80000,0x00000000ecd80000)
  to   space 18944K, 0% used [0x00000000ea800000,0x00000000ea800000,0x00000000eba80000)
 ParOldGen       total 136192K, used 30768K [0x00000000a0000000, 0x00000000a8500000, 0x00000000e0000000)
  object space 136192K, 22% used [0x00000000a0000000,0x00000000a1e0c380,0x00000000a8500000)
 Metaspace       used 57098K, capacity 58848K, committed 59160K, reserved 1099776K
  class space    used 7686K, capacity 8121K, committed 8192K, reserved 1048576K
}
Event: 19.094 GC heap before
{Heap before GC invocations=16 (full 3):
 PSYoungGen      total 191488K, used 172032K [0x00000000e0000000, 0x00000000edb00000, 0x0000000100000000)
  eden space 172032K, 100% used [0x00000000e0000000,0x00000000ea800000,0x00000000ea800000)
  from space 19456K, 0% used [0x00000000eba80000,0x00000000eba80000,0x00000000ecd80000)
  to   space 18944K, 0% used [0x00000000ea800000,0x00000000ea800000,0x00000000eba80000)
 ParOldGen       total 136192K, used 30768K [0x00000000a0000000, 0x00000000a8500000, 0x00000000e0000000)
  object space 136192K, 22% used [0x00000000a0000000,0x00000000a1e0c380,0x00000000a8500000)
 Metaspace       used 65083K, capacity 67286K, committed 67584K, reserved 1107968K
  class space    used 8912K, capacity 9398K, committed 9472K, reserved 1048576K
Event: 19.119 GC heap after
Heap after GC invocations=16 (full 3):
 PSYoungGen      total 190976K, used 14661K [0x00000000e0000000, 0x00000000eec00000, 0x0000000100000000)
  eden space 172032K, 0% used [0x00000000e0000000,0x00000000e0000000,0x00000000ea800000)
  from space 18944K, 77% used [0x00000000ea800000,0x00000000eb6515c0,0x00000000eba80000)
  to   space 19968K, 0% used [0x00000000ed880000,0x00000000ed880000,0x00000000eec00000)
 ParOldGen       total 136192K, used 30776K [0x00000000a0000000, 0x00000000a8500000, 0x00000000e0000000)
  object space 136192K, 22% used [0x00000000a0000000,0x00000000a1e0e380,0x00000000a8500000)
 Metaspace       used 65083K, capacity 67286K, committed 67584K, reserved 1107968K
  class space    used 8912K, capacity 9398K, committed 9472K, reserved 1048576K
}
Event: 262.727 GC heap before
{Heap before GC invocations=17 (full 3):
 PSYoungGen      total 190976K, used 186693K [0x00000000e0000000, 0x00000000eec00000, 0x0000000100000000)
  eden space 172032K, 100% used [0x00000000e0000000,0x00000000ea800000,0x00000000ea800000)
  from space 18944K, 77% used [0x00000000ea800000,0x00000000eb6515c0,0x00000000eba80000)
  to   space 19968K, 0% used [0x00000000ed880000,0x00000000ed880000,0x00000000eec00000)
 ParOldGen       total 136192K, used 30776K [0x00000000a0000000, 0x00000000a8500000, 0x00000000e0000000)
  object space 136192K, 22% used [0x00000000a0000000,0x00000000a1e0e380,0x00000000a8500000)
 Metaspace       used 73554K, capacity 77722K, committed 77824K, reserved 1116160K
  class space    used 9883K, capacity 10717K, committed 10752K, reserved 1048576K
Event: 262.774 GC heap after
Heap after GC invocations=17 (full 3):
 PSYoungGen      total 216064K, used 19949K [0x00000000e0000000, 0x00000000ef080000, 0x0000000100000000)
  eden space 196096K, 0% used [0x00000000e0000000,0x00000000e0000000,0x00000000ebf80000)
  from space 19968K, 99% used [0x00000000ed880000,0x00000000eebfb580,0x00000000eec00000)
  to   space 25088K, 0% used [0x00000000ebf80000,0x00000000ebf80000,0x00000000ed800000)
 ParOldGen       total 136192K, used 36541K [0x00000000a0000000, 0x00000000a8500000, 0x00000000e0000000)
  object space 136192K, 26% used [0x00000000a0000000,0x00000000a23af608,0x00000000a8500000)
 Metaspace       used 73554K, capacity 77722K, committed 77824K, reserved 1116160K
  class space    used 9883K, capacity 10717K, committed 10752K, reserved 1048576K
}
Event: 266.719 GC heap before
{Heap before GC invocations=18 (full 3):
 PSYoungGen      total 216064K, used 216045K [0x00000000e0000000, 0x00000000ef080000, 0x0000000100000000)
  eden space 196096K, 100% used [0x00000000e0000000,0x00000000ebf80000,0x00000000ebf80000)
  from space 19968K, 99% used [0x00000000ed880000,0x00000000eebfb580,0x00000000eec00000)
  to   space 25088K, 0% used [0x00000000ebf80000,0x00000000ebf80000,0x00000000ed800000)
 ParOldGen       total 136192K, used 36541K [0x00000000a0000000, 0x00000000a8500000, 0x00000000e0000000)
  object space 136192K, 26% used [0x00000000a0000000,0x00000000a23af608,0x00000000a8500000)
 Metaspace       used 78020K, capacity 82418K, committed 82560K, reserved 1120256K
  class space    used 10394K, capacity 11293K, committed 11392K, reserved 1048576K
Event: 266.752 GC heap after
Heap after GC invocations=18 (full 3):
 PSYoungGen      total 221184K, used 25068K [0x00000000e0000000, 0x00000000f1200000, 0x0000000100000000)
  eden space 196096K, 0% used [0x00000000e0000000,0x00000000e0000000,0x00000000ebf80000)
  from space 25088K, 99% used [0x00000000ebf80000,0x00000000ed7fb338,0x00000000ed800000)
  to   space 29696K, 0% used [0x00000000ef500000,0x00000000ef500000,0x00000000f1200000)
 ParOldGen       total 136192K, used 39428K [0x00000000a0000000, 0x00000000a8500000, 0x00000000e0000000)
  object space 136192K, 28% used [0x00000000a0000000,0x00000000a2681190,0x00000000a8500000)
 Metaspace       used 78020K, capacity 82418K, committed 82560K, reserved 1120256K
  class space    used 10394K, capacity 11293K, committed 11392K, reserved 1048576K
}
Event: 270.874 GC heap before
{Heap before GC invocations=19 (full 3):
 PSYoungGen      total 221184K, used 221164K [0x00000000e0000000, 0x00000000f1200000, 0x0000000100000000)
  eden space 196096K, 100% used [0x00000000e0000000,0x00000000ebf80000,0x00000000ebf80000)
  from space 25088K, 99% used [0x00000000ebf80000,0x00000000ed7fb338,0x00000000ed800000)
  to   space 29696K, 0% used [0x00000000ef500000,0x00000000ef500000,0x00000000f1200000)
 ParOldGen       total 136192K, used 39428K [0x00000000a0000000, 0x00000000a8500000, 0x00000000e0000000)
  object space 136192K, 28% used [0x00000000a0000000,0x00000000a2681190,0x00000000a8500000)
 Metaspace       used 80587K, capacity 85038K, committed 85120K, reserved 1122304K
  class space    used 10691K, capacity 11597K, committed 11648K, reserved 1048576K
Event: 270.938 GC heap after
Heap after GC invocations=19 (full 3):
 PSYoungGen      total 249856K, used 13915K [0x00000000e0000000, 0x00000000f1000000, 0x0000000100000000)
  eden space 222208K, 0% used [0x00000000e0000000,0x00000000e0000000,0x00000000ed900000)
  from space 27648K, 50% used [0x00000000ef500000,0x00000000f0296df8,0x00000000f1000000)
  to   space 28160K, 0% used [0x00000000ed900000,0x00000000ed900000,0x00000000ef480000)
 ParOldGen       total 136192K, used 58481K [0x00000000a0000000, 0x00000000a8500000, 0x00000000e0000000)
  object space 136192K, 42% used [0x00000000a0000000,0x00000000a391c440,0x00000000a8500000)
 Metaspace       used 80587K, capacity 85038K, committed 85120K, reserved 1122304K
  class space    used 10691K, capacity 11597K, committed 11648K, reserved 1048576K
}

Deoptimization events (10 events):
Event: 270.766 Thread 0x000000001bfda000 Uncommon trap: reason=bimorphic action=maybe_recompile pc=0x00000000047fc4cc method=org.objectweb.asm.ClassReader.readCode(Lorg/objectweb/asm/MethodVisitor;Lorg/objectweb/asm/Context;I)V @ 3875
Event: 270.788 Thread 0x000000001bfda000 Uncommon trap: reason=class_check action=maybe_recompile pc=0x00000000047fb81c method=org.objectweb.asm.ClassReader.readCode(Lorg/objectweb/asm/MethodVisitor;Lorg/objectweb/asm/Context;I)V @ 3856
Event: 270.796 Thread 0x000000001bfda000 Uncommon trap: reason=class_check action=maybe_recompile pc=0x00000000047fb81c method=org.objectweb.asm.ClassReader.readCode(Lorg/objectweb/asm/MethodVisitor;Lorg/objectweb/asm/Context;I)V @ 3856
Event: 270.832 Thread 0x000000001bfda000 Uncommon trap: reason=class_check action=maybe_recompile pc=0x00000000047fb81c method=org.objectweb.asm.ClassReader.readCode(Lorg/objectweb/asm/MethodVisitor;Lorg/objectweb/asm/Context;I)V @ 3856
Event: 270.949 Thread 0x000000001bfda000 Uncommon trap: reason=bimorphic action=maybe_recompile pc=0x00000000047fc4cc method=org.objectweb.asm.ClassReader.readCode(Lorg/objectweb/asm/MethodVisitor;Lorg/objectweb/asm/Context;I)V @ 3875
Event: 270.949 Thread 0x000000001bfda000 Uncommon trap: reason=bimorphic action=maybe_recompile pc=0x00000000047fc4cc method=org.objectweb.asm.ClassReader.readCode(Lorg/objectweb/asm/MethodVisitor;Lorg/objectweb/asm/Context;I)V @ 3875
Event: 272.727 Thread 0x000000001bfda000 Uncommon trap: reason=predicate action=maybe_recompile pc=0x0000000004279df8 method=java.lang.String.regionMatches(ZILjava/lang/String;II)Z @ 63
Event: 273.905 Thread 0x000000001bfda000 Uncommon trap: reason=unstable_if action=reinterpret pc=0x00000000046698f0 method=java.util.EnumMap.isValidKey(Ljava/lang/Object;)Z @ 16
Event: 273.924 Thread 0x000000001bfda000 Uncommon trap: reason=unstable_if action=reinterpret pc=0x000000000361f558 method=java.lang.StringCoding$StringDecoder.decode([BII)[C @ 20
Event: 274.150 Thread 0x000000001bfda000 Uncommon trap: reason=unstable_if action=reinterpret pc=0x00000000048d0cc0 method=com.sun.tools.javac.util.Name$Table.equals([BI[BII)Z @ 22

Classes redefined (0 events):
No events

Internal exceptions (10 events):
Event: 266.552 Thread 0x000000001bfda000 Exception <a 'java/lang/NoSuchMethodError': <clinit>> (0x00000000eb66d3c8) thrown at [D:\src\AOSP-openjdk-cygwin\jdk8u\hotspot\src\share\vm\prims\jni.cpp, line 1614]
Event: 266.552 Thread 0x000000001bfda000 Exception <a 'java/lang/NoSuchMethodError': <clinit>> (0x00000000eb66e6e8) thrown at [D:\src\AOSP-openjdk-cygwin\jdk8u\hotspot\src\share\vm\prims\jni.cpp, line 1614]
Event: 267.292 Thread 0x000000001bfda000 Exception <a 'java/lang/NoSuchMethodError': <clinit>> (0x00000000e21ab8f8) thrown at [D:\src\AOSP-openjdk-cygwin\jdk8u\hotspot\src\share\vm\prims\jni.cpp, line 1614]
Event: 267.293 Thread 0x000000001bfda000 Exception <a 'java/lang/NoSuchMethodError': <clinit>> (0x00000000e21c9380) thrown at [D:\src\AOSP-openjdk-cygwin\jdk8u\hotspot\src\share\vm\prims\jni.cpp, line 1614]
Event: 267.295 Thread 0x000000001bfda000 Exception <a 'java/lang/NoSuchMethodError': <clinit>> (0x00000000e21ec190) thrown at [D:\src\AOSP-openjdk-cygwin\jdk8u\hotspot\src\share\vm\prims\jni.cpp, line 1614]
Event: 267.302 Thread 0x000000001bfda000 Exception <a 'java/lang/NoSuchMethodError': <clinit>> (0x00000000e2230e40) thrown at [D:\src\AOSP-openjdk-cygwin\jdk8u\hotspot\src\share\vm\prims\jni.cpp, line 1614]
Event: 267.305 Thread 0x000000001bfda000 Exception <a 'java/lang/NoSuchMethodError': <clinit>> (0x00000000e2263e38) thrown at [D:\src\AOSP-openjdk-cygwin\jdk8u\hotspot\src\share\vm\prims\jni.cpp, line 1614]
Event: 269.230 Thread 0x00000000224a5000 Exception <a 'sun/nio/fs/WindowsException'> (0x00000000e3167d00) thrown at [D:\src\AOSP-openjdk-cygwin\jdk8u\hotspot\src\share\vm\prims\jni.cpp, line 710]
Event: 269.233 Thread 0x00000000224a5000 Exception <a 'sun/nio/fs/WindowsException'> (0x00000000e3180118) thrown at [D:\src\AOSP-openjdk-cygwin\jdk8u\hotspot\src\share\vm\prims\jni.cpp, line 710]
Event: 269.234 Thread 0x00000000224a5000 Exception <a 'sun/nio/fs/WindowsException'> (0x00000000e31805c0) thrown at [D:\src\AOSP-openjdk-cygwin\jdk8u\hotspot\src\share\vm\prims\jni.cpp, line 710]

Events (10 events):
Event: 274.405 loading class com/sun/tools/javac/comp/Resolve$4$2
Event: 274.405 loading class com/sun/tools/javac/comp/Resolve$4$2 done
Event: 274.406 loading class com/sun/tools/javac/comp/Resolve$MethodCheckContext
Event: 274.406 loading class com/sun/tools/javac/comp/Resolve$MethodCheckContext done
Event: 274.407 loading class com/sun/tools/javac/code/Types$Subst
Event: 274.407 loading class com/sun/tools/javac/code/Types$Subst done
Event: 274.409 loading class com/sun/tools/javac/comp/Resolve$MostSpecificCheck
Event: 274.409 loading class com/sun/tools/javac/comp/Resolve$MostSpecificCheck done
Event: 274.411 loading class com/sun/tools/javac/comp/Resolve$MostSpecificCheck$MostSpecificCheckContext
Event: 274.411 loading class com/sun/tools/javac/comp/Resolve$MostSpecificCheck$MostSpecificCheckContext done


Dynamic libraries:
0x00007ff6d07b0000 - 0x00007ff6d07e1000 	C:\Program Files\Android\Android Studio\jre\bin\java.exe
0x00007ffb5ac40000 - 0x00007ffb5ae30000 	C:\WINDOWS\SYSTEM32\ntdll.dll
0x00007ffb595c0000 - 0x00007ffb59672000 	C:\WINDOWS\System32\KERNEL32.DLL
0x00007ffb58980000 - 0x00007ffb58c25000 	C:\WINDOWS\System32\KERNELBASE.dll
0x00007ffb58d60000 - 0x00007ffb58e03000 	C:\WINDOWS\System32\ADVAPI32.dll
0x00007ffb5aa60000 - 0x00007ffb5aafe000 	C:\WINDOWS\System32\msvcrt.dll
0x00007ffb5ab00000 - 0x00007ffb5ab97000 	C:\WINDOWS\System32\sechost.dll
0x00007ffb5a590000 - 0x00007ffb5a6af000 	C:\WINDOWS\System32\RPCRT4.dll
0x00007ffb59350000 - 0x00007ffb594e4000 	C:\WINDOWS\System32\USER32.dll
0x00007ffb58cc0000 - 0x00007ffb58ce1000 	C:\WINDOWS\System32\win32u.dll
0x00007ffb5a780000 - 0x00007ffb5a7a6000 	C:\WINDOWS\System32\GDI32.dll
0x00007ffb58460000 - 0x00007ffb585f8000 	C:\WINDOWS\System32\gdi32full.dll
0x00007ffb58600000 - 0x00007ffb5869e000 	C:\WINDOWS\System32\msvcp_win.dll
0x00007ffb57bc0000 - 0x00007ffb57cba000 	C:\WINDOWS\System32\ucrtbase.dll
0x00007ffb56fa0000 - 0x00007ffb57224000 	C:\WINDOWS\WinSxS\amd64_microsoft.windows.common-controls_6595b64144ccf1df_6.0.18362.1316_none_9e7a364fe461dbd7\COMCTL32.dll
0x00007ffb59690000 - 0x00007ffb599c7000 	C:\WINDOWS\System32\combase.dll
0x00007ffb58c30000 - 0x00007ffb58cb1000 	C:\WINDOWS\System32\bcryptPrimitives.dll
0x00007ffb599d0000 - 0x00007ffb599fe000 	C:\WINDOWS\System32\IMM32.DLL
0x0000000072320000 - 0x00000000723f2000 	C:\Program Files\Android\Android Studio\jre\jre\bin\msvcr100.dll
0x0000000070780000 - 0x0000000070fc6000 	C:\Program Files\Android\Android Studio\jre\jre\bin\server\jvm.dll
0x00007ffb59680000 - 0x00007ffb59688000 	C:\WINDOWS\System32\PSAPI.DLL
0x00007ffb3ccb0000 - 0x00007ffb3ccb9000 	C:\WINDOWS\SYSTEM32\WSOCK32.dll
0x00007ffb55230000 - 0x00007ffb55254000 	C:\WINDOWS\SYSTEM32\WINMM.dll
0x00007ffb50440000 - 0x00007ffb5044a000 	C:\WINDOWS\SYSTEM32\VERSION.dll
0x00007ffb5a7c0000 - 0x00007ffb5a82f000 	C:\WINDOWS\System32\WS2_32.dll
0x00007ffb55200000 - 0x00007ffb5522d000 	C:\WINDOWS\SYSTEM32\winmmbase.dll
0x00007ffb587e0000 - 0x00007ffb5882a000 	C:\WINDOWS\System32\cfgmgr32.dll
0x00007ffb53960000 - 0x00007ffb5396f000 	C:\Program Files\Android\Android Studio\jre\jre\bin\verify.dll
0x00007ffb4caa0000 - 0x00007ffb4cac9000 	C:\Program Files\Android\Android Studio\jre\jre\bin\java.dll
0x00007ffb4ece0000 - 0x00007ffb4ecf6000 	C:\Program Files\Android\Android Studio\jre\jre\bin\zip.dll
0x00007ffb59b50000 - 0x00007ffb5a238000 	C:\WINDOWS\System32\SHELL32.dll
0x00007ffb5a4e0000 - 0x00007ffb5a587000 	C:\WINDOWS\System32\shcore.dll
0x00007ffb57cc0000 - 0x00007ffb5843b000 	C:\WINDOWS\System32\windows.storage.dll
0x00007ffb57b70000 - 0x00007ffb57b93000 	C:\WINDOWS\System32\profapi.dll
0x00007ffb57b20000 - 0x00007ffb57b6a000 	C:\WINDOWS\System32\powrprof.dll
0x00007ffb57af0000 - 0x00007ffb57b00000 	C:\WINDOWS\System32\UMPDC.dll
0x00007ffb59ae0000 - 0x00007ffb59b32000 	C:\WINDOWS\System32\shlwapi.dll
0x00007ffb57b00000 - 0x00007ffb57b11000 	C:\WINDOWS\System32\kernel.appcore.dll
0x00007ffb58440000 - 0x00007ffb58457000 	C:\WINDOWS\System32\cryptsp.dll
0x00007ffb457b0000 - 0x00007ffb457ca000 	C:\Program Files\Android\Android Studio\jre\jre\bin\net.dll
0x00007ffb470d0000 - 0x00007ffb472a6000 	C:\WINDOWS\SYSTEM32\urlmon.dll
0x00007ffb47700000 - 0x00007ffb479a7000 	C:\WINDOWS\SYSTEM32\iertutil.dll
0x00007ffb56ef0000 - 0x00007ffb56efc000 	C:\WINDOWS\SYSTEM32\CRYPTBASE.DLL
0x00007ffb56e10000 - 0x00007ffb56e77000 	C:\WINDOWS\system32\mswsock.dll
0x00007ffb45790000 - 0x00007ffb457a3000 	C:\Program Files\Android\Android Studio\jre\jre\bin\nio.dll
0x00007ffb455a0000 - 0x00007ffb455c6000 	C:\Users\Amos Taruna\.gradle\native\30\windows-amd64\native-platform.dll
0x00007ffb52620000 - 0x00007ffb5262d000 	C:\Program Files\Android\Android Studio\jre\jre\bin\management.dll
0x00007ffb56830000 - 0x00007ffb56863000 	C:\WINDOWS\system32\rsaenh.dll
0x00007ffb586a0000 - 0x00007ffb586c6000 	C:\WINDOWS\System32\bcrypt.dll
0x00007ffb579d0000 - 0x00007ffb579f5000 	C:\WINDOWS\SYSTEM32\USERENV.dll
0x00007ffb569c0000 - 0x00007ffb569fa000 	C:\WINDOWS\SYSTEM32\IPHLPAPI.DLL
0x00007ffb5a7b0000 - 0x00007ffb5a7b8000 	C:\WINDOWS\System32\NSI.dll
0x00007ffb45b90000 - 0x00007ffb45ba6000 	C:\WINDOWS\SYSTEM32\dhcpcsvc6.DLL
0x00007ffb45440000 - 0x00007ffb4545c000 	C:\WINDOWS\SYSTEM32\dhcpcsvc.DLL
0x00007ffb56a00000 - 0x00007ffb56acb000 	C:\WINDOWS\SYSTEM32\DNSAPI.dll
0x00007ffb57890000 - 0x00007ffb578c1000 	C:\WINDOWS\SYSTEM32\ntmarta.dll

VM Arguments:
jvm_args: -Xmx1536m -Dfile.encoding=windows-1252 -Duser.country=US -Duser.language=en -Duser.variant 
java_command: org.gradle.launcher.daemon.bootstrap.GradleDaemon 5.6.4
java_class_path (initial): C:\Users\Amos Taruna\.gradle\wrapper\dists\gradle-5.6.4-all\ankdp27end7byghfw1q2sw75f\gradle-5.6.4\lib\gradle-launcher-5.6.4.jar
Launcher Type: SUN_STANDARD

Environment Variables:
PATH=C:\Program Files (x86)\Common Files\Oracle\Java\javapath;C:\Windows\system32;C:\Windows;C:\Windows\System32\Wbem;C:\Windows\System32\WindowsPowerShell\v1.0\;C:\Windows\System32\OpenSSH\;C:\Program Files (x86)\NVIDIA Corporation\PhysX\Common;C:\Program Files\NVIDIA Corporation\NVIDIA NvDLISR;C:\Program Files\Intel\WiFi\bin\;C:\Program Files\Common Files\Intel\WirelessCommon\;C:\Program Files\dotnet\;C:\WINDOWS\system32;C:\WINDOWS;C:\WINDOWS\System32\Wbem;C:\WINDOWS\System32\WindowsPowerShell\v1.0\;C:\WINDOWS\System32\OpenSSH\;C:\Program Files\Git\cmd;C:\Program Files\MySQL\MySQL Shell 8.0\bin\;C:\Users\Amos Taruna\AppData\Local\Programs\Python\Python38\Scripts\;C:\Users\Amos Taruna\AppData\Local\Programs\Python\Python38\;C:\Users\Amos Taruna\AppData\Local\Microsoft\WindowsApps;C:\Users\Amos Taruna\AppData\Local\Programs\Microsoft VS Code\bin;C:\Users\Amos Taruna\AppData\Local\GitHubDesktop\bin;C:\adb;C:\Program Files (x86)\Java\jdk1.8.0_261\bin;C:\Program Files (x86)\Java\jre1.8.0_261\bin;C:\Program Files\MySQL\MySQL Shell 8.0\bin\;C:\Users\Amos Taruna\AppData\Local\Programs\Python\Python38\Scripts\;C:\Users\Amos Taruna\AppData\Local\Programs\Python\Python38\;C:\Users\Amos Taruna\AppData\Local\Microsoft\WindowsApps;C:\Users\Amos Taruna\AppData\Local\Programs\Microsoft VS Code\bin;C:\Users\Amos Taruna\AppData\Local\GitHubDesktop\bin
USERNAME=Amos Taruna
OS=Windows_NT
PROCESSOR_IDENTIFIER=Intel64 Family 6 Model 158 Stepping 10, GenuineIntel



---------------  S Y S T E M  ---------------

OS: Windows 10.0 , 64 bit Build 18362 (10.0.18362.1316)

CPU:total 12 (initial active 12) (6 cores per cpu, 2 threads per core) family 6 model 158 stepping 10, cmov, cx8, fxsr, mmx, sse, sse2, sse3, ssse3, sse4.1, sse4.2, popcnt, avx, avx2, aes, clmul, erms, 3dnowpref, lzcnt, ht, tsc, tscinvbit, bmi1, bmi2, adx

Memory: 4k page, physical 8230328k(942532k free), swap 11302328k(5384k free)

vm_info: OpenJDK 64-Bit Server VM (25.212-b04) for windows-amd64 JRE (1.8.0_212-release-1586-b04), built by "builder" with MS VC++ 10.0 (VS2010)

time: Sun Jan 17 21:50:00 2021
timezone: SE Asia Standard Time
elapsed time: 274 seconds (0d 0h 4m 34s)

